  ThreeHead.cpp
  Tower.cpp
C:\Users\민경욱\Desktop\프로젝트\MetalSlug\MetalSlug\Tower.cpp(88,81): warning C4244: '인수': 'float'에서 'int'(으)로 변환하면서 데이터가 손실될 수 있습니다.
C:\Users\민경욱\Desktop\프로젝트\MetalSlug\MetalSlug\Tower.cpp(88,46): warning C4244: '인수': 'float'에서 'int'(으)로 변환하면서 데이터가 손실될 수 있습니다.
C:\Users\민경욱\Desktop\프로젝트\MetalSlug\MetalSlug\Tower.cpp(91,81): warning C4244: '인수': 'float'에서 'int'(으)로 변환하면서 데이터가 손실될 수 있습니다.
C:\Users\민경욱\Desktop\프로젝트\MetalSlug\MetalSlug\Tower.cpp(91,46): warning C4244: '인수': 'float'에서 'int'(으)로 변환하면서 데이터가 손실될 수 있습니다.
C:\Users\민경욱\Desktop\프로젝트\MetalSlug\MetalSlug\Tower.cpp(94,81): warning C4244: '인수': 'float'에서 'int'(으)로 변환하면서 데이터가 손실될 수 있습니다.
C:\Users\민경욱\Desktop\프로젝트\MetalSlug\MetalSlug\Tower.cpp(94,46): warning C4244: '인수': 'float'에서 'int'(으)로 변환하면서 데이터가 손실될 수 있습니다.
C:\Users\민경욱\Desktop\프로젝트\MetalSlug\MetalSlug\Tower.cpp(103,81): warning C4244: '인수': 'float'에서 'int'(으)로 변환하면서 데이터가 손실될 수 있습니다.
C:\Users\민경욱\Desktop\프로젝트\MetalSlug\MetalSlug\Tower.cpp(103,46): warning C4244: '인수': 'float'에서 'int'(으)로 변환하면서 데이터가 손실될 수 있습니다.
C:\Users\민경욱\Desktop\프로젝트\MetalSlug\MetalSlug\Tower.cpp(104,81): warning C4244: '인수': 'float'에서 'int'(으)로 변환하면서 데이터가 손실될 수 있습니다.
C:\Users\민경욱\Desktop\프로젝트\MetalSlug\MetalSlug\Tower.cpp(104,46): warning C4244: '인수': 'float'에서 'int'(으)로 변환하면서 데이터가 손실될 수 있습니다.
C:\Users\민경욱\Desktop\프로젝트\MetalSlug\MetalSlug\Tower.cpp(109,33): warning C4244: '인수': 'float'에서 'int'(으)로 변환하면서 데이터가 손실될 수 있습니다.
C:\Users\민경욱\Desktop\프로젝트\MetalSlug\MetalSlug\Tower.cpp(109,30): warning C4244: '인수': 'float'에서 'int'(으)로 변환하면서 데이터가 손실될 수 있습니다.
C:\Users\민경욱\Desktop\프로젝트\MetalSlug\MetalSlug\Tower.cpp(111,33): warning C4244: '인수': 'float'에서 'int'(으)로 변환하면서 데이터가 손실될 수 있습니다.
C:\Users\민경욱\Desktop\프로젝트\MetalSlug\MetalSlug\Tower.cpp(111,30): warning C4244: '인수': 'float'에서 'int'(으)로 변환하면서 데이터가 손실될 수 있습니다.
C:\Users\민경욱\Desktop\프로젝트\MetalSlug\MetalSlug\Tower.cpp(113,33): warning C4244: '인수': 'float'에서 'int'(으)로 변환하면서 데이터가 손실될 수 있습니다.
C:\Users\민경욱\Desktop\프로젝트\MetalSlug\MetalSlug\Tower.cpp(113,30): warning C4244: '인수': 'float'에서 'int'(으)로 변환하면서 데이터가 손실될 수 있습니다.
C:\Users\민경욱\Desktop\프로젝트\MetalSlug\MetalSlug\Tower.cpp(115,33): warning C4244: '인수': 'float'에서 'int'(으)로 변환하면서 데이터가 손실될 수 있습니다.
C:\Users\민경욱\Desktop\프로젝트\MetalSlug\MetalSlug\Tower.cpp(115,30): warning C4244: '인수': 'float'에서 'int'(으)로 변환하면서 데이터가 손실될 수 있습니다.
C:\Users\민경욱\Desktop\프로젝트\MetalSlug\MetalSlug\Tower.cpp(121,81): warning C4244: '인수': 'float'에서 'int'(으)로 변환하면서 데이터가 손실될 수 있습니다.
C:\Users\민경욱\Desktop\프로젝트\MetalSlug\MetalSlug\Tower.cpp(121,46): warning C4244: '인수': 'float'에서 'int'(으)로 변환하면서 데이터가 손실될 수 있습니다.
C:\Users\민경욱\Desktop\프로젝트\MetalSlug\MetalSlug\Tower.cpp(122,81): warning C4244: '인수': 'float'에서 'int'(으)로 변환하면서 데이터가 손실될 수 있습니다.
C:\Users\민경욱\Desktop\프로젝트\MetalSlug\MetalSlug\Tower.cpp(122,46): warning C4244: '인수': 'float'에서 'int'(으)로 변환하면서 데이터가 손실될 수 있습니다.
C:\Users\민경욱\Desktop\프로젝트\MetalSlug\MetalSlug\Tower.cpp(127,33): warning C4244: '인수': 'float'에서 'int'(으)로 변환하면서 데이터가 손실될 수 있습니다.
C:\Users\민경욱\Desktop\프로젝트\MetalSlug\MetalSlug\Tower.cpp(127,30): warning C4244: '인수': 'float'에서 'int'(으)로 변환하면서 데이터가 손실될 수 있습니다.
C:\Users\민경욱\Desktop\프로젝트\MetalSlug\MetalSlug\Tower.cpp(129,33): warning C4244: '인수': 'float'에서 'int'(으)로 변환하면서 데이터가 손실될 수 있습니다.
C:\Users\민경욱\Desktop\프로젝트\MetalSlug\MetalSlug\Tower.cpp(129,30): warning C4244: '인수': 'float'에서 'int'(으)로 변환하면서 데이터가 손실될 수 있습니다.
C:\Users\민경욱\Desktop\프로젝트\MetalSlug\MetalSlug\Tower.cpp(131,33): warning C4244: '인수': 'float'에서 'int'(으)로 변환하면서 데이터가 손실될 수 있습니다.
C:\Users\민경욱\Desktop\프로젝트\MetalSlug\MetalSlug\Tower.cpp(131,30): warning C4244: '인수': 'float'에서 'int'(으)로 변환하면서 데이터가 손실될 수 있습니다.
C:\Users\민경욱\Desktop\프로젝트\MetalSlug\MetalSlug\Tower.cpp(133,33): warning C4244: '인수': 'float'에서 'int'(으)로 변환하면서 데이터가 손실될 수 있습니다.
C:\Users\민경욱\Desktop\프로젝트\MetalSlug\MetalSlug\Tower.cpp(133,30): warning C4244: '인수': 'float'에서 'int'(으)로 변환하면서 데이터가 손실될 수 있습니다.
C:\Users\민경욱\Desktop\프로젝트\MetalSlug\MetalSlug\Tower.cpp(139,81): warning C4244: '인수': 'float'에서 'int'(으)로 변환하면서 데이터가 손실될 수 있습니다.
C:\Users\민경욱\Desktop\프로젝트\MetalSlug\MetalSlug\Tower.cpp(139,46): warning C4244: '인수': 'float'에서 'int'(으)로 변환하면서 데이터가 손실될 수 있습니다.
C:\Users\민경욱\Desktop\프로젝트\MetalSlug\MetalSlug\Tower.cpp(140,81): warning C4244: '인수': 'float'에서 'int'(으)로 변환하면서 데이터가 손실될 수 있습니다.
C:\Users\민경욱\Desktop\프로젝트\MetalSlug\MetalSlug\Tower.cpp(140,46): warning C4244: '인수': 'float'에서 'int'(으)로 변환하면서 데이터가 손실될 수 있습니다.
C:\Users\민경욱\Desktop\프로젝트\MetalSlug\MetalSlug\Tower.cpp(146,33): warning C4244: '인수': 'float'에서 'int'(으)로 변환하면서 데이터가 손실될 수 있습니다.
C:\Users\민경욱\Desktop\프로젝트\MetalSlug\MetalSlug\Tower.cpp(146,30): warning C4244: '인수': 'float'에서 'int'(으)로 변환하면서 데이터가 손실될 수 있습니다.
C:\Users\민경욱\Desktop\프로젝트\MetalSlug\MetalSlug\Tower.cpp(148,33): warning C4244: '인수': 'float'에서 'int'(으)로 변환하면서 데이터가 손실될 수 있습니다.
C:\Users\민경욱\Desktop\프로젝트\MetalSlug\MetalSlug\Tower.cpp(148,30): warning C4244: '인수': 'float'에서 'int'(으)로 변환하면서 데이터가 손실될 수 있습니다.
C:\Users\민경욱\Desktop\프로젝트\MetalSlug\MetalSlug\Tower.cpp(150,33): warning C4244: '인수': 'float'에서 'int'(으)로 변환하면서 데이터가 손실될 수 있습니다.
C:\Users\민경욱\Desktop\프로젝트\MetalSlug\MetalSlug\Tower.cpp(150,30): warning C4244: '인수': 'float'에서 'int'(으)로 변환하면서 데이터가 손실될 수 있습니다.
C:\Users\민경욱\Desktop\프로젝트\MetalSlug\MetalSlug\Tower.cpp(152,33): warning C4244: '인수': 'float'에서 'int'(으)로 변환하면서 데이터가 손실될 수 있습니다.
C:\Users\민경욱\Desktop\프로젝트\MetalSlug\MetalSlug\Tower.cpp(152,30): warning C4244: '인수': 'float'에서 'int'(으)로 변환하면서 데이터가 손실될 수 있습니다.
C:\Users\민경욱\Desktop\프로젝트\MetalSlug\MetalSlug\Tower.cpp(168,80): warning C4244: '인수': 'float'에서 'int'(으)로 변환하면서 데이터가 손실될 수 있습니다.
C:\Users\민경욱\Desktop\프로젝트\MetalSlug\MetalSlug\Tower.cpp(168,45): warning C4244: '인수': 'float'에서 'int'(으)로 변환하면서 데이터가 손실될 수 있습니다.
C:\Users\민경욱\Desktop\프로젝트\MetalSlug\MetalSlug\Tower.cpp(169,80): warning C4244: '인수': 'float'에서 'int'(으)로 변환하면서 데이터가 손실될 수 있습니다.
C:\Users\민경욱\Desktop\프로젝트\MetalSlug\MetalSlug\Tower.cpp(169,45): warning C4244: '인수': 'float'에서 'int'(으)로 변환하면서 데이터가 손실될 수 있습니다.
C:\Users\민경욱\Desktop\프로젝트\MetalSlug\MetalSlug\Tower.cpp(172,80): warning C4244: '인수': 'float'에서 'int'(으)로 변환하면서 데이터가 손실될 수 있습니다.
C:\Users\민경욱\Desktop\프로젝트\MetalSlug\MetalSlug\Tower.cpp(172,45): warning C4244: '인수': 'float'에서 'int'(으)로 변환하면서 데이터가 손실될 수 있습니다.
C:\Users\민경욱\Desktop\프로젝트\MetalSlug\MetalSlug\Tower.cpp(173,80): warning C4244: '인수': 'float'에서 'int'(으)로 변환하면서 데이터가 손실될 수 있습니다.
C:\Users\민경욱\Desktop\프로젝트\MetalSlug\MetalSlug\Tower.cpp(173,45): warning C4244: '인수': 'float'에서 'int'(으)로 변환하면서 데이터가 손실될 수 있습니다.
C:\Users\민경욱\Desktop\프로젝트\MetalSlug\MetalSlug\Tower.cpp(176,80): warning C4244: '인수': 'float'에서 'int'(으)로 변환하면서 데이터가 손실될 수 있습니다.
C:\Users\민경욱\Desktop\프로젝트\MetalSlug\MetalSlug\Tower.cpp(176,45): warning C4244: '인수': 'float'에서 'int'(으)로 변환하면서 데이터가 손실될 수 있습니다.
C:\Users\민경욱\Desktop\프로젝트\MetalSlug\MetalSlug\Tower.cpp(179,80): warning C4244: '인수': 'float'에서 'int'(으)로 변환하면서 데이터가 손실될 수 있습니다.
C:\Users\민경욱\Desktop\프로젝트\MetalSlug\MetalSlug\Tower.cpp(179,45): warning C4244: '인수': 'float'에서 'int'(으)로 변환하면서 데이터가 손실될 수 있습니다.
C:\Users\민경욱\Desktop\프로젝트\MetalSlug\MetalSlug\Tower.cpp(186,80): warning C4244: '인수': 'float'에서 'int'(으)로 변환하면서 데이터가 손실될 수 있습니다.
C:\Users\민경욱\Desktop\프로젝트\MetalSlug\MetalSlug\Tower.cpp(186,45): warning C4244: '인수': 'float'에서 'int'(으)로 변환하면서 데이터가 손실될 수 있습니다.
C:\Users\민경욱\Desktop\프로젝트\MetalSlug\MetalSlug\Tower.cpp(190,80): warning C4244: '인수': 'float'에서 'int'(으)로 변환하면서 데이터가 손실될 수 있습니다.
C:\Users\민경욱\Desktop\프로젝트\MetalSlug\MetalSlug\Tower.cpp(190,45): warning C4244: '인수': 'float'에서 'int'(으)로 변환하면서 데이터가 손실될 수 있습니다.
C:\Users\민경욱\Desktop\프로젝트\MetalSlug\MetalSlug\Tower.cpp(203,80): warning C4244: '인수': 'float'에서 'int'(으)로 변환하면서 데이터가 손실될 수 있습니다.
C:\Users\민경욱\Desktop\프로젝트\MetalSlug\MetalSlug\Tower.cpp(203,45): warning C4244: '인수': 'float'에서 'int'(으)로 변환하면서 데이터가 손실될 수 있습니다.
C:\Users\민경욱\Desktop\프로젝트\MetalSlug\MetalSlug\Tower.cpp(208,81): warning C4244: '인수': 'float'에서 'int'(으)로 변환하면서 데이터가 손실될 수 있습니다.
C:\Users\민경욱\Desktop\프로젝트\MetalSlug\MetalSlug\Tower.cpp(208,46): warning C4244: '인수': 'float'에서 'int'(으)로 변환하면서 데이터가 손실될 수 있습니다.
C:\Users\민경욱\Desktop\프로젝트\MetalSlug\MetalSlug\Tower.cpp(213,81): warning C4244: '인수': 'float'에서 'int'(으)로 변환하면서 데이터가 손실될 수 있습니다.
C:\Users\민경욱\Desktop\프로젝트\MetalSlug\MetalSlug\Tower.cpp(213,46): warning C4244: '인수': 'float'에서 'int'(으)로 변환하면서 데이터가 손실될 수 있습니다.
C:\Users\민경욱\Desktop\프로젝트\MetalSlug\MetalSlug\Tower.cpp(218,80): warning C4244: '인수': 'float'에서 'int'(으)로 변환하면서 데이터가 손실될 수 있습니다.
C:\Users\민경욱\Desktop\프로젝트\MetalSlug\MetalSlug\Tower.cpp(218,45): warning C4244: '인수': 'float'에서 'int'(으)로 변환하면서 데이터가 손실될 수 있습니다.
C:\Users\민경욱\Desktop\프로젝트\MetalSlug\MetalSlug\Tower.cpp(222,81): warning C4244: '인수': 'float'에서 'int'(으)로 변환하면서 데이터가 손실될 수 있습니다.
C:\Users\민경욱\Desktop\프로젝트\MetalSlug\MetalSlug\Tower.cpp(222,46): warning C4244: '인수': 'float'에서 'int'(으)로 변환하면서 데이터가 손실될 수 있습니다.
C:\Users\민경욱\Desktop\프로젝트\MetalSlug\MetalSlug\Tower.cpp(227,81): warning C4244: '인수': 'float'에서 'int'(으)로 변환하면서 데이터가 손실될 수 있습니다.
C:\Users\민경욱\Desktop\프로젝트\MetalSlug\MetalSlug\Tower.cpp(227,46): warning C4244: '인수': 'float'에서 'int'(으)로 변환하면서 데이터가 손실될 수 있습니다.
C:\Users\민경욱\Desktop\프로젝트\MetalSlug\MetalSlug\Tower.cpp(232,80): warning C4244: '인수': 'float'에서 'int'(으)로 변환하면서 데이터가 손실될 수 있습니다.
C:\Users\민경욱\Desktop\프로젝트\MetalSlug\MetalSlug\Tower.cpp(232,45): warning C4244: '인수': 'float'에서 'int'(으)로 변환하면서 데이터가 손실될 수 있습니다.
C:\Users\민경욱\Desktop\프로젝트\MetalSlug\MetalSlug\Tower.cpp(236,81): warning C4244: '인수': 'float'에서 'int'(으)로 변환하면서 데이터가 손실될 수 있습니다.
C:\Users\민경욱\Desktop\프로젝트\MetalSlug\MetalSlug\Tower.cpp(236,46): warning C4244: '인수': 'float'에서 'int'(으)로 변환하면서 데이터가 손실될 수 있습니다.
C:\Users\민경욱\Desktop\프로젝트\MetalSlug\MetalSlug\Tower.cpp(242,81): warning C4244: '인수': 'float'에서 'int'(으)로 변환하면서 데이터가 손실될 수 있습니다.
C:\Users\민경욱\Desktop\프로젝트\MetalSlug\MetalSlug\Tower.cpp(242,46): warning C4244: '인수': 'float'에서 'int'(으)로 변환하면서 데이터가 손실될 수 있습니다.
C:\Users\민경욱\Desktop\프로젝트\MetalSlug\MetalSlug\Tower.cpp(251,80): warning C4244: '인수': 'float'에서 'int'(으)로 변환하면서 데이터가 손실될 수 있습니다.
C:\Users\민경욱\Desktop\프로젝트\MetalSlug\MetalSlug\Tower.cpp(251,45): warning C4244: '인수': 'float'에서 'int'(으)로 변환하면서 데이터가 손실될 수 있습니다.
C:\Users\민경욱\Desktop\프로젝트\MetalSlug\MetalSlug\Tower.cpp(255,80): warning C4244: '인수': 'float'에서 'int'(으)로 변환하면서 데이터가 손실될 수 있습니다.
C:\Users\민경욱\Desktop\프로젝트\MetalSlug\MetalSlug\Tower.cpp(255,45): warning C4244: '인수': 'float'에서 'int'(으)로 변환하면서 데이터가 손실될 수 있습니다.
C:\Users\민경욱\Desktop\프로젝트\MetalSlug\MetalSlug\Tower.cpp(259,80): warning C4244: '인수': 'float'에서 'int'(으)로 변환하면서 데이터가 손실될 수 있습니다.
C:\Users\민경욱\Desktop\프로젝트\MetalSlug\MetalSlug\Tower.cpp(259,45): warning C4244: '인수': 'float'에서 'int'(으)로 변환하면서 데이터가 손실될 수 있습니다.
  코드를 생성하고 있습니다...
  MetalSlug.vcxproj -> C:\Users\민경욱\Desktop\프로젝트\MetalSlug\Debug\MetalSlug.exe
